c:\users\anuwat\source\repos\cppworkshop\cppworkshop\debug\vc142.pdb
c:\users\anuwat\source\repos\cppworkshop\cppworkshop\debug\vc142.idb
c:\users\anuwat\source\repos\cppworkshop\cppworkshop\debug\1.helloworld.obj
c:\users\anuwat\source\repos\cppworkshop\cppworkshop\debug\3.macros.obj
c:\users\anuwat\source\repos\cppworkshop\cppworkshop\debug\2.keywords.obj
c:\users\anuwat\source\repos\cppworkshop\debug\cppworkshop.pdb
c:\users\anuwat\source\repos\cppworkshop\cppworkshop\debug\cppworkshop.tlog\cl.command.1.tlog
c:\users\anuwat\source\repos\cppworkshop\cppworkshop\debug\cppworkshop.tlog\cl.read.1.tlog
c:\users\anuwat\source\repos\cppworkshop\cppworkshop\debug\cppworkshop.tlog\cl.write.1.tlog
c:\users\anuwat\source\repos\cppworkshop\cppworkshop\debug\cppworkshop.tlog\link-cvtres.read.1.tlog
c:\users\anuwat\source\repos\cppworkshop\cppworkshop\debug\cppworkshop.tlog\link-cvtres.write.1.tlog
c:\users\anuwat\source\repos\cppworkshop\cppworkshop\debug\cppworkshop.tlog\link-rc.read.1.tlog
c:\users\anuwat\source\repos\cppworkshop\cppworkshop\debug\cppworkshop.tlog\link-rc.write.1.tlog
c:\users\anuwat\source\repos\cppworkshop\cppworkshop\debug\cppworkshop.tlog\link.10492-cvtres.read.1.tlog
c:\users\anuwat\source\repos\cppworkshop\cppworkshop\debug\cppworkshop.tlog\link.10492-cvtres.write.1.tlog
c:\users\anuwat\source\repos\cppworkshop\cppworkshop\debug\cppworkshop.tlog\link.10492-rc.read.1.tlog
c:\users\anuwat\source\repos\cppworkshop\cppworkshop\debug\cppworkshop.tlog\link.10492-rc.write.1.tlog
c:\users\anuwat\source\repos\cppworkshop\cppworkshop\debug\cppworkshop.tlog\link.10492.read.1.tlog
c:\users\anuwat\source\repos\cppworkshop\cppworkshop\debug\cppworkshop.tlog\link.10492.write.1.tlog
c:\users\anuwat\source\repos\cppworkshop\cppworkshop\debug\cppworkshop.tlog\link.command.1.tlog
c:\users\anuwat\source\repos\cppworkshop\cppworkshop\debug\cppworkshop.tlog\link.read.1.tlog
c:\users\anuwat\source\repos\cppworkshop\cppworkshop\debug\cppworkshop.tlog\link.write.1.tlog
